  gcgui.cpp
C:\Users\Administrator\source\repos\GC-s-imgui-Template\gcgui.hpp(65,56): warning C4244: 'argument': conversion from 'double' to 'float', possible loss of data
  (compiling source file 'gcgui.cpp')
  
C:\Users\Administrator\source\repos\GC-s-imgui-Template\gcgui.hpp(65,47): warning C4244: 'argument': conversion from 'double' to 'float', possible loss of data
  (compiling source file 'gcgui.cpp')
  
C:\Users\Administrator\source\repos\GC-s-imgui-Template\gcgui.hpp(65,38): warning C4244: 'argument': conversion from 'double' to 'float', possible loss of data
  (compiling source file 'gcgui.cpp')
  
C:\Users\Administrator\source\repos\GC-s-imgui-Template\gcgui.hpp(65,29): warning C4244: 'argument': conversion from 'double' to 'float', possible loss of data
  (compiling source file 'gcgui.cpp')
  
C:\Users\Administrator\source\repos\GC-s-imgui-Template\gcgui.cpp(29,39): warning C4244: 'argument': conversion from 'LONG' to 'float', possible loss of data
C:\Users\Administrator\source\repos\GC-s-imgui-Template\gcgui.cpp(29,26): warning C4244: 'argument': conversion from 'LONG' to 'float', possible loss of data
C:\Users\Administrator\source\repos\GC-s-imgui-Template\gcgui.cpp(42,74): warning C4244: 'argument': conversion from 'double' to 'float', possible loss of data
C:\Users\Administrator\source\repos\GC-s-imgui-Template\gcgui.cpp(42,48): warning C4244: 'argument': conversion from 'double' to 'float', possible loss of data
C:\Users\Administrator\source\repos\GC-s-imgui-Template\gcgui.cpp(50,49): warning C4244: 'argument': conversion from 'size_t' to 'float', possible loss of data
C:\Users\Administrator\source\repos\GC-s-imgui-Template\gcgui.cpp(50,42): warning C4244: 'argument': conversion from 'size_t' to 'float', possible loss of data
C:\Users\Administrator\source\repos\GC-s-imgui-Template\gcgui.cpp(54,76): warning C4244: 'argument': conversion from 'double' to 'float', possible loss of data
C:\Users\Administrator\source\repos\GC-s-imgui-Template\gcgui.cpp(54,48): warning C4244: 'argument': conversion from 'double' to 'float', possible loss of data
C:\Users\Administrator\source\repos\GC-s-imgui-Template\gcgui.cpp(56,49): warning C4244: 'argument': conversion from 'size_t' to 'float', possible loss of data
C:\Users\Administrator\source\repos\GC-s-imgui-Template\gcgui.cpp(56,42): warning C4244: 'argument': conversion from 'size_t' to 'float', possible loss of data
C:\Users\Administrator\source\repos\GC-s-imgui-Template\gcgui.cpp(174,117): warning C4244: 'argument': conversion from 'float' to 'int', possible loss of data
C:\Users\Administrator\source\repos\GC-s-imgui-Template\gcgui.cpp(174,104): warning C4244: 'argument': conversion from 'float' to 'int', possible loss of data
C:\Users\Administrator\source\repos\GC-s-imgui-Template\gcgui.cpp(174,68): warning C4244: 'argument': conversion from 'float' to 'int', possible loss of data
C:\Users\Administrator\source\repos\GC-s-imgui-Template\gcgui.cpp(174,34): warning C4244: 'argument': conversion from 'float' to 'int', possible loss of data
C:\Users\Administrator\source\repos\GC-s-imgui-Template\gcgui.cpp(332,217): warning C4244: 'argument': conversion from 'float' to 'int', possible loss of data
C:\Users\Administrator\source\repos\GC-s-imgui-Template\gcgui.cpp(332,204): warning C4244: 'argument': conversion from 'float' to 'int', possible loss of data
C:\Users\Administrator\source\repos\GC-s-imgui-Template\gcgui.cpp(332,174): warning C4244: 'argument': conversion from 'float' to 'int', possible loss of data
C:\Users\Administrator\source\repos\GC-s-imgui-Template\gcgui.cpp(332,117): warning C4244: 'argument': conversion from 'float' to 'int', possible loss of data
C:\Users\Administrator\source\repos\GC-s-imgui-Template\gcgui.cpp(363,10): warning C4101: 'rc': unreferenced local variable
  Generating code
  10 of 140 functions ( 7.1%) were compiled, the rest were copied from previous compilation.
    2 functions were new in current compilation
    0 functions had inline decision re-evaluated but remain unchanged
  Finished generating code
  GC's imgui Template.vcxproj -> C:\Users\Administrator\source\repos\GC-s-imgui-Template\x64\Release\GC's imgui Template.exe
